<?xml version="1.0" encoding="UTF-8"?>
<!-- Generated by org.testng.reporters.JUnitReportReporter -->
<testsuite hostname="IBM-F4J0LQ3" failures="0" tests="2" name="Module1.SampleTest2" time="0.004" errors="0" timestamp="30 Oct 2023 04:51:35 GMT" skipped="0">
  <testcase classname="Module1.SampleTest2" name="Newtest2" time="0.001"/>
  <testcase classname="Module1.SampleTest2" name="NewTest" time="0.003"/>
</testsuite> <!-- Module1.SampleTest2 -->
