<?xml version="1.0" encoding="UTF-8"?>
<!-- Generated by org.testng.reporters.JUnitReportReporter -->
<testsuite hostname="IBM-F4J0LQ3" failures="0" tests="2" name="Module1.Test1" time="0.004" errors="0" timestamp="30 Oct 2023 04:51:35 GMT" skipped="0">
  <testcase classname="Module1.Test1" name="Test" time="0.002"/>
  <testcase classname="Module1.Test1" name="f" time="0.002"/>
</testsuite> <!-- Module1.Test1 -->
