<?xml version="1.0" encoding="UTF-8"?>
<!-- Generated by org.testng.reporters.JUnitReportReporter -->
<testsuite hostname="IBM-F4J0LQ3" failures="0" tests="1" name="Common.NewTest" time="0.008" errors="0" timestamp="30 Oct 2023 04:51:35 GMT" skipped="0">
  <testcase classname="Common.NewTest" name="fetws" time="0.008"/>
</testsuite> <!-- Common.NewTest -->
