<?xml version="1.0" encoding="UTF-8"?>
<!-- Generated by org.testng.reporters.JUnitReportReporter -->
<testsuite hostname="IBM-F4J0LQ3" failures="0" tests="3" name="TestNGG.NewTestTestNG" time="0.002" errors="0" timestamp="30 Oct 2023 04:51:35 GMT" skipped="0">
  <testcase classname="TestNGG.NewTestTestNG" name="TesNg1" time="0.001"/>
  <testcase classname="TestNGG.NewTestTestNG" name="TesNg2" time="0.001"/>
  <testcase classname="TestNGG.NewTestTestNG" name="TesNg3" time="0.000"/>
</testsuite> <!-- TestNGG.NewTestTestNG -->
